<?xml version="1.0" encoding="utf-8"?><testsuites name="pytest tests"><testsuite name="pytest" errors="0" failures="0" skipped="0" tests="23" time="0.700" timestamp="2026-05-10T23:26:44.814879+02:00" hostname="julpukandr"><testcase classname="rest_assured.tests.test_config_scheduler" name="test_scheduler_config_defaults" time="0.000" /><testcase classname="rest_assured.tests.test_config_scheduler" name="test_scheduler_config_types" time="0.000" /><testcase classname="rest_assured.tests.test_config_scheduler" name="test_scheduler_config_positive" time="0.000" /><testcase classname="rest_assured.tests.test_evaluate" name="test_evaluate_response_status[200-200-True]" time="0.002" /><testcase classname="rest_assured.tests.test_evaluate" name="test_evaluate_response_status[200-500-False]" time="0.001" /><testcase classname="rest_assured.tests.test_evaluate" name="test_evaluate_response_status[200-404-False]" time="0.001" /><testcase classname="rest_assured.tests.test_evaluate" name="test_evaluate_response_status[None-200-True]" time="0.001" /><testcase classname="rest_assured.tests.test_evaluate" name="test_evaluate_response_status[None-201-True]" time="0.001" /><testcase classname="rest_assured.tests.test_evaluate" name="test_evaluate_response_status[None-299-True]" time="0.001" /><testcase classname="rest_assured.tests.test_evaluate" name="test_evaluate_response_status[None-300-False]" time="0.001" /><testcase classname="rest_assured.tests.test_evaluate" name="test_evaluate_response_status[None-400-False]" time="0.001" /><testcase classname="rest_assured.tests.test_evaluate" name="test_evaluate_response_status[None-500-False]" time="0.001" /><testcase classname="rest_assured.tests.test_evaluate" name="test_evaluate_response_status[404-404-True]" time="0.001" /><testcase classname="rest_assured.tests.test_evaluate" name="test_evaluate_response_status[404-200-False]" time="0.001" /><testcase classname="rest_assured.tests.test_evaluate" name="test_evaluate_response_timeout" time="0.001" /><testcase classname="rest_assured.tests.test_evaluate" name="test_evaluate_response_connection_error" time="0.001" /><testcase classname="rest_assured.tests.test_imports_scheduler" name="test_httpx_async_client" time="0.000" /><testcase classname="rest_assured.tests.test_imports_scheduler" name="test_pytest_httpx_available" time="0.000" /><testcase classname="rest_assured.tests.test_runner" name="test_register_callback" time="0.000" /><testcase classname="rest_assured.tests.test_runner" name="test_fire_callbacks_swallows_errors" time="0.001" /><testcase classname="rest_assured.tests.test_runner" name="test_active_workers_count" time="0.000" /><testcase classname="rest_assured.tests.test_runner" name="test_stats" time="0.000" /><testcase classname="rest_assured.tests.test_stub" name="test_that_always_passes" time="0.000" /></testsuite></testsuites>